Using pre-set license
Built from '2020.2/release' branch; Version is '2020.2.1f1 (270dd8c3da1c) revision 2559448'; Using compiler version '192528614'; Build Type 'Release'
OS: 'Windows 10  (10.0.0) 64bit' Language: 'en' Physical Memory: 16325 MB
BatchMode: 1, IsHumanControllingUs: 0, StartBugReporterOnCrash: 0, Is64bit: 1, IsPro: 0

 COMMAND LINE ARGUMENTS:
D:\UnityHubInstalls\2020.2.1f1\Editor\Unity.exe
-adb2
-batchMode
-noUpm
-name
AssetImportWorker0
-projectPath
D:/SourceTreeProjects/Permutations Visualized in Unity/PermuVis
-logFile
Logs/AssetImportWorker0.log
-srvPort
1203
Successfully changed project path to: D:/SourceTreeProjects/Permutations Visualized in Unity/PermuVis
D:/SourceTreeProjects/Permutations Visualized in Unity/PermuVis
Using Asset Import Pipeline V2.
Refreshing native plugins compatible for Editor in 38.00 ms, found 0 plugins.
Preloading 0 native plugins for Editor in 0.00 ms.
Initialize engine version: 2020.2.1f1 (270dd8c3da1c)
[Subsystems] Discovering subsystems at path D:/UnityHubInstalls/2020.2.1f1/Editor/Data/Resources/UnitySubsystems
[Subsystems] Discovering subsystems at path D:/SourceTreeProjects/Permutations Visualized in Unity/PermuVis/Assets
GfxDevice: creating device client; threaded=0
Direct3D:
    Version:  Direct3D 11.0 [level 11.1]
    Renderer: NVIDIA GeForce GTX 1080 (ID=0x1b80)
    Vendor:   
    VRAM:     8079 MB
    Driver:   27.21.14.6109
Shader 'Universal Render Pipeline/Particles/Lit': fallback shader 'Universal Render Pipeline/Particles/SimpleLit' not found
Initialize mono
Mono path[0] = 'D:/UnityHubInstalls/2020.2.1f1/Editor/Data/Managed'
Mono path[1] = 'D:/UnityHubInstalls/2020.2.1f1/Editor/Data/MonoBleedingEdge/lib/mono/unityjit'
Mono config path = 'D:/UnityHubInstalls/2020.2.1f1/Editor/Data/MonoBleedingEdge/etc'
Using monoOptions --debugger-agent=transport=dt_socket,embedding=1,server=y,suspend=n,address=127.0.0.1:56728
Begin MonoManager ReloadAssembly
Registering precompiled unity dll's ...
Register platform support module: D:/UnityHubInstalls/2020.2.1f1/Editor/Data/PlaybackEngines/WindowsStandaloneSupport/UnityEditor.WindowsStandalone.Extensions.dll
Registered in 0.000972 seconds.
Native extension for WindowsStandalone target not found
Refreshing native plugins compatible for Editor in 36.65 ms, found 0 plugins.
Preloading 0 native plugins for Editor in 0.00 ms.
Invoked RoslynAnalysisRunner static constructor.
RoslynAnalysisRunner will not be running.
RoslynAnalysisRunner has terminated.
Mono: successfully reloaded assembly
- Completed reload, in  1.072 seconds
Platform modules already initialized, skipping
Registering precompiled user dll's ...
Registered in 0.001190 seconds.
Begin MonoManager ReloadAssembly
Native extension for WindowsStandalone target not found
Refreshing native plugins compatible for Editor in 38.16 ms, found 0 plugins.
Preloading 0 native plugins for Editor in 0.00 ms.
Invoked RoslynAnalysisRunner static constructor.
RoslynAnalysisRunner will not be running.
RoslynAnalysisRunner has terminated.
Mono: successfully reloaded assembly
- Completed reload, in  0.848 seconds
Platform modules already initialized, skipping
========================================================================
Worker process is ready to serve import requests
Shader 'Universal Render Pipeline/Particles/Lit': fallback shader 'Universal Render Pipeline/Particles/SimpleLit' not found
Launched and connected shader compiler UnityShaderCompiler.exe after 0.05 seconds
Refreshing native plugins compatible for Editor in 0.37 ms, found 0 plugins.
Preloading 0 native plugins for Editor in 0.00 ms.
Unloading 2394 Unused Serialized files (Serialized files now loaded: 0)
System memory in use before: 111.1 MB.
System memory in use after: 111.2 MB.

Unloading 10 unused Assets to reduce memory usage. Loaded Objects now: 2834.
Total: 2.084000 ms (FindLiveObjects: 0.214300 ms CreateObjectMapping: 0.110400 ms MarkObjects: 1.710600 ms  DeleteObjects: 0.047900 ms)

========================================================================
Received Import Request.
  path: Assets/PermsVisualized/PermsScene.unity
  artifactKey: Guid(cd4f99fcaed96b6488a663dd94c9accb) Importer(815301076,1909f56bfc062723c751e8b465ee728b)
Start importing Assets/PermsVisualized/PermsScene.unity using Guid(cd4f99fcaed96b6488a663dd94c9accb) Importer(815301076,1909f56bfc062723c751e8b465ee728b)  -> (artifact id: '23554c2188dbdbaf1def744a97a942ae') in 0.023582 seconds
  Import took 0.028202 seconds .

========================================================================
Received Import Request.
  Time since last request: 0.402310 seconds.
  path: Assets/PermsVisualized/Item Prefabs
  artifactKey: Guid(563e95c1084658944b7cafd96402de37) Importer(815301076,1909f56bfc062723c751e8b465ee728b)
Start importing Assets/PermsVisualized/Item Prefabs using Guid(563e95c1084658944b7cafd96402de37) Importer(815301076,1909f56bfc062723c751e8b465ee728b)  -> (artifact id: 'bbac9061be6b2a0ff3f2bb52d18b81fe') in 0.005227 seconds
  Import took 0.008576 seconds .

========================================================================
Received Import Request.
  Time since last request: 0.005178 seconds.
  path: Assets/PermsVisualized/Item Prefabs
  artifactKey: Guid(563e95c1084658944b7cafd96402de37) Importer(815301076,1909f56bfc062723c751e8b465ee728b)
Start importing Assets/PermsVisualized/Item Prefabs using Guid(563e95c1084658944b7cafd96402de37) Importer(815301076,1909f56bfc062723c751e8b465ee728b)  -> (artifact id: 'bbac9061be6b2a0ff3f2bb52d18b81fe') in 0.001880 seconds
  Import took 0.005165 seconds .

========================================================================
Received Prepare
Registering precompiled user dll's ...
Registered in 0.001393 seconds.
Begin MonoManager ReloadAssembly
Native extension for WindowsStandalone target not found
Refreshing native plugins compatible for Editor in 0.36 ms, found 0 plugins.
Preloading 0 native plugins for Editor in 0.00 ms.
Invoked RoslynAnalysisRunner static constructor.
RoslynAnalysisRunner will not be running.
RoslynAnalysisRunner has terminated.
Mono: successfully reloaded assembly
- Completed reload, in  0.761 seconds
Platform modules already initialized, skipping
Shader 'Universal Render Pipeline/Particles/Lit': fallback shader 'Universal Render Pipeline/Particles/SimpleLit' not found
Refreshing native plugins compatible for Editor in 0.35 ms, found 0 plugins.
Preloading 0 native plugins for Editor in 0.00 ms.
Unloading 2285 Unused Serialized files (Serialized files now loaded: 0)
System memory in use before: 105.7 MB.
System memory in use after: 106.0 MB.

Unloading 5 unused Assets to reduce memory usage. Loaded Objects now: 2836.
Total: 2.558600 ms (FindLiveObjects: 0.241800 ms CreateObjectMapping: 0.107600 ms MarkObjects: 2.191200 ms  DeleteObjects: 0.017200 ms)

========================================================================
Received Prepare
Registering precompiled user dll's ...
Registered in 0.001229 seconds.
Begin MonoManager ReloadAssembly
Native extension for WindowsStandalone target not found
Refreshing native plugins compatible for Editor in 0.35 ms, found 0 plugins.
Preloading 0 native plugins for Editor in 0.00 ms.
Invoked RoslynAnalysisRunner static constructor.
RoslynAnalysisRunner will not be running.
RoslynAnalysisRunner has terminated.
Mono: successfully reloaded assembly
- Completed reload, in  0.798 seconds
Platform modules already initialized, skipping
Shader 'Universal Render Pipeline/Particles/Lit': fallback shader 'Universal Render Pipeline/Particles/SimpleLit' not found
Refreshing native plugins compatible for Editor in 0.37 ms, found 0 plugins.
Preloading 0 native plugins for Editor in 0.00 ms.
Unloading 2285 Unused Serialized files (Serialized files now loaded: 0)
System memory in use before: 105.8 MB.
System memory in use after: 106.0 MB.

Unloading 5 unused Assets to reduce memory usage. Loaded Objects now: 2838.
Total: 2.376600 ms (FindLiveObjects: 0.242100 ms CreateObjectMapping: 0.133000 ms MarkObjects: 1.983300 ms  DeleteObjects: 0.017500 ms)

