Using pre-set license
Built from '2020.2/release' branch; Version is '2020.2.1f1 (270dd8c3da1c) revision 2559448'; Using compiler version '192528614'; Build Type 'Release'
OS: 'Windows 10  (10.0.0) 64bit' Language: 'en' Physical Memory: 16325 MB
BatchMode: 1, IsHumanControllingUs: 0, StartBugReporterOnCrash: 0, Is64bit: 1, IsPro: 0

 COMMAND LINE ARGUMENTS:
D:\UnityHubInstalls\2020.2.1f1\Editor\Unity.exe
-adb2
-batchMode
-noUpm
-name
AssetImportWorker0
-projectPath
D:/SourceTreeProjects/Permutations Visualized
-logFile
Logs/AssetImportWorker0.log
-srvPort
13218
Successfully changed project path to: D:/SourceTreeProjects/Permutations Visualized
D:/SourceTreeProjects/Permutations Visualized
Using Asset Import Pipeline V2.
Refreshing native plugins compatible for Editor in 69.63 ms, found 0 plugins.
Preloading 0 native plugins for Editor in 0.00 ms.
Initialize engine version: 2020.2.1f1 (270dd8c3da1c)
[Subsystems] Discovering subsystems at path D:/UnityHubInstalls/2020.2.1f1/Editor/Data/Resources/UnitySubsystems
[Subsystems] Discovering subsystems at path D:/SourceTreeProjects/Permutations Visualized/Assets
GfxDevice: creating device client; threaded=0
Direct3D:
    Version:  Direct3D 11.0 [level 11.1]
    Renderer: NVIDIA GeForce GTX 1080 (ID=0x1b80)
    Vendor:   
    VRAM:     8079 MB
    Driver:   27.21.14.6109
Initialize mono
Mono path[0] = 'D:/UnityHubInstalls/2020.2.1f1/Editor/Data/Managed'
Mono path[1] = 'D:/UnityHubInstalls/2020.2.1f1/Editor/Data/MonoBleedingEdge/lib/mono/unityjit'
Mono config path = 'D:/UnityHubInstalls/2020.2.1f1/Editor/Data/MonoBleedingEdge/etc'
Using monoOptions --debugger-agent=transport=dt_socket,embedding=1,server=y,suspend=n,address=127.0.0.1:56988
Begin MonoManager ReloadAssembly
Registering precompiled unity dll's ...
Register platform support module: D:/UnityHubInstalls/2020.2.1f1/Editor/Data/PlaybackEngines/WindowsStandaloneSupport/UnityEditor.WindowsStandalone.Extensions.dll
Registered in 0.000981 seconds.
Native extension for WindowsStandalone target not found
Refreshing native plugins compatible for Editor in 36.50 ms, found 0 plugins.
Preloading 0 native plugins for Editor in 0.00 ms.
Invoked RoslynAnalysisRunner static constructor.
RoslynAnalysisRunner will not be running.
RoslynAnalysisRunner has terminated.
Mono: successfully reloaded assembly
- Completed reload, in  1.099 seconds
Platform modules already initialized, skipping
Registering precompiled user dll's ...
Registered in 0.001226 seconds.
Begin MonoManager ReloadAssembly
Native extension for WindowsStandalone target not found
Refreshing native plugins compatible for Editor in 37.94 ms, found 0 plugins.
Preloading 0 native plugins for Editor in 0.00 ms.
Invoked RoslynAnalysisRunner static constructor.
RoslynAnalysisRunner will not be running.
RoslynAnalysisRunner has terminated.
Mono: successfully reloaded assembly
- Completed reload, in  0.865 seconds
Platform modules already initialized, skipping
========================================================================
Worker process is ready to serve import requests
Shader 'Universal Render Pipeline/Particles/Lit': fallback shader 'Universal Render Pipeline/Particles/SimpleLit' not found
Shader 'Universal Render Pipeline/Particles/Lit': fallback shader 'Universal Render Pipeline/Particles/SimpleLit' not found
Launched and connected shader compiler UnityShaderCompiler.exe after 0.05 seconds
Refreshing native plugins compatible for Editor in 0.49 ms, found 0 plugins.
Preloading 0 native plugins for Editor in 0.00 ms.
Unloading 2392 Unused Serialized files (Serialized files now loaded: 0)
System memory in use before: 110.8 MB.
System memory in use after: 108.7 MB.

Unloading 45 unused Assets to reduce memory usage. Loaded Objects now: 2799.
Total: 4.105300 ms (FindLiveObjects: 0.309800 ms CreateObjectMapping: 0.138800 ms MarkObjects: 2.211300 ms  DeleteObjects: 1.444100 ms)

========================================================================
Received Import Request.
  path: Assets
  artifactKey: Guid(00000000000000001000000000000000) Importer(815301076,1909f56bfc062723c751e8b465ee728b)
Start importing Assets using Guid(00000000000000001000000000000000) Importer(815301076,1909f56bfc062723c751e8b465ee728b)  -> (artifact id: 'e1a2c4dac9df7c17871e19a3b74f0e9f') in 0.036468 seconds
  Import took 0.040999 seconds .

========================================================================
Received Import Request.
  Time since last request: 5.636963 seconds.
  path: Assets/PermsVisualized
  artifactKey: Guid(e905ba0d13cbc7f468e7cc3f322e5d77) Importer(815301076,1909f56bfc062723c751e8b465ee728b)
Start importing Assets/PermsVisualized using Guid(e905ba0d13cbc7f468e7cc3f322e5d77) Importer(815301076,1909f56bfc062723c751e8b465ee728b)  -> (artifact id: '75b7a9955eceec553d8b0b3ec2faf917') in 0.005747 seconds
  Import took 0.013540 seconds .

========================================================================
Received Import Request.
  Time since last request: 0.000562 seconds.
  path: Assets/PermsVisualized
  artifactKey: Guid(e905ba0d13cbc7f468e7cc3f322e5d77) Importer(815301076,1909f56bfc062723c751e8b465ee728b)
Start importing Assets/PermsVisualized using Guid(e905ba0d13cbc7f468e7cc3f322e5d77) Importer(815301076,1909f56bfc062723c751e8b465ee728b)  -> (artifact id: '75b7a9955eceec553d8b0b3ec2faf917') in 0.002359 seconds
  Import took 0.005464 seconds .

========================================================================
Received Import Request.
  Time since last request: 19.469260 seconds.
  path: Assets/PermsVisualized/PermsScene.unity
  artifactKey: Guid(cd4f99fcaed96b6488a663dd94c9accb) Importer(815301076,1909f56bfc062723c751e8b465ee728b)
Start importing Assets/PermsVisualized/PermsScene.unity using Guid(cd4f99fcaed96b6488a663dd94c9accb) Importer(815301076,1909f56bfc062723c751e8b465ee728b)  -> (artifact id: '31badb38e37f98ba2b0fa15b62c3b99d') in 0.011551 seconds
  Import took 0.014968 seconds .

========================================================================
Received Import Request.
  Time since last request: 0.000249 seconds.
  path: Assets/PermsVisualized/PermsScene.unity
  artifactKey: Guid(cd4f99fcaed96b6488a663dd94c9accb) Importer(815301076,1909f56bfc062723c751e8b465ee728b)
Start importing Assets/PermsVisualized/PermsScene.unity using Guid(cd4f99fcaed96b6488a663dd94c9accb) Importer(815301076,1909f56bfc062723c751e8b465ee728b)  -> (artifact id: '31badb38e37f98ba2b0fa15b62c3b99d') in 0.002394 seconds
  Import took 0.005579 seconds .

========================================================================
Received Import Request.
  Time since last request: 291.642539 seconds.
  path: Assets/PermsVisualized/Canvas.prefab
  artifactKey: Guid(4f05055ead61f2149b80fbbae72f76a1) Importer(815301076,1909f56bfc062723c751e8b465ee728b)
Start importing Assets/PermsVisualized/Canvas.prefab using Guid(4f05055ead61f2149b80fbbae72f76a1) Importer(815301076,1909f56bfc062723c751e8b465ee728b)  -> (artifact id: '53fdc192fb221d27340c25b9712bde57') in 0.082439 seconds
  Import took 0.086568 seconds .

========================================================================
Received Import Request.
  Time since last request: 11.292924 seconds.
  path: Assets/PermsVisualized/UI Canvas.prefab
  artifactKey: Guid(4f05055ead61f2149b80fbbae72f76a1) Importer(815301076,1909f56bfc062723c751e8b465ee728b)
Start importing Assets/PermsVisualized/UI Canvas.prefab using Guid(4f05055ead61f2149b80fbbae72f76a1) Importer(815301076,1909f56bfc062723c751e8b465ee728b)  -> (artifact id: 'a778b1e264f0f05bfe418d877a46a46d') in 0.007040 seconds
  Import took 0.015487 seconds .

========================================================================
Received Import Request.
  Time since last request: 969.871448 seconds.
  path: Assets/PermsVisualized/Image.prefab
  artifactKey: Guid(5f7f11822f4cc844186f4c77bdcd4888) Importer(815301076,1909f56bfc062723c751e8b465ee728b)
Start importing Assets/PermsVisualized/Image.prefab using Guid(5f7f11822f4cc844186f4c77bdcd4888) Importer(815301076,1909f56bfc062723c751e8b465ee728b)  -> (artifact id: 'bcdc951b876c0a4fe4345736b56fe72f') in 0.009939 seconds
  Import took 0.014339 seconds .

========================================================================
Received Import Request.
  Time since last request: 263.220712 seconds.
  path: Assets/PermsVisualized/SelectorImage.png
  artifactKey: Guid(322405b5064a5f54189c5f568494e3b5) Importer(815301076,1909f56bfc062723c751e8b465ee728b)
Start importing Assets/PermsVisualized/SelectorImage.png using Guid(322405b5064a5f54189c5f568494e3b5) Importer(815301076,1909f56bfc062723c751e8b465ee728b)  -> (artifact id: '48f78763dd1d4ea971502305ac5e7868') in 0.096069 seconds
  Import took 0.099999 seconds .

========================================================================
Received Import Request.
  Time since last request: 22.571816 seconds.
  path: Assets/PermsVisualized/SelectorImage.png
  artifactKey: Guid(322405b5064a5f54189c5f568494e3b5) Importer(815301076,1909f56bfc062723c751e8b465ee728b)
Start importing Assets/PermsVisualized/SelectorImage.png using Guid(322405b5064a5f54189c5f568494e3b5) Importer(815301076,1909f56bfc062723c751e8b465ee728b)  -> (artifact id: '235ff42a5a29d5a3e4289bb1e6456ab7') in 0.069925 seconds
  Import took 0.083386 seconds .

========================================================================
Received Import Request.
  Time since last request: 110.137315 seconds.
  path: Assets/PermsVisualized/Items
  artifactKey: Guid(563e95c1084658944b7cafd96402de37) Importer(815301076,1909f56bfc062723c751e8b465ee728b)
Start importing Assets/PermsVisualized/Items using Guid(563e95c1084658944b7cafd96402de37) Importer(815301076,1909f56bfc062723c751e8b465ee728b)  -> (artifact id: '49d2acc235d257a8e5c583c5e51f1f79') in 0.006184 seconds
  Import took 0.010014 seconds .

========================================================================
Received Import Request.
  Time since last request: 7.465850 seconds.
  path: Assets/PermsVisualized/ItemPrefabs
  artifactKey: Guid(563e95c1084658944b7cafd96402de37) Importer(815301076,1909f56bfc062723c751e8b465ee728b)
Start importing Assets/PermsVisualized/ItemPrefabs using Guid(563e95c1084658944b7cafd96402de37) Importer(815301076,1909f56bfc062723c751e8b465ee728b)  -> (artifact id: '3707559b147505f9e063ff7b78642101') in 0.006644 seconds
  Import took 0.030368 seconds .

========================================================================
Received Import Request.
  Time since last request: 6.209748 seconds.
  path: Assets/PermsVisualized/ItemPrefabs/Selector.prefab
  artifactKey: Guid(3f225c825cad59f4dafca94a9e09b12c) Importer(815301076,1909f56bfc062723c751e8b465ee728b)
Start importing Assets/PermsVisualized/ItemPrefabs/Selector.prefab using Guid(3f225c825cad59f4dafca94a9e09b12c) Importer(815301076,1909f56bfc062723c751e8b465ee728b)  -> (artifact id: 'fb1b7907bab7391d63e4f253425fada5') in 0.007674 seconds
  Import took 0.021827 seconds .

========================================================================
Received Import Request.
  Time since last request: 1.764363 seconds.
  path: Assets/PermsVisualized/ItemPrefabs/Fixer.prefab
  artifactKey: Guid(85a894ddf587789478d20c61d2ef552d) Importer(815301076,1909f56bfc062723c751e8b465ee728b)
Start importing Assets/PermsVisualized/ItemPrefabs/Fixer.prefab using Guid(85a894ddf587789478d20c61d2ef552d) Importer(815301076,1909f56bfc062723c751e8b465ee728b)  -> (artifact id: '92ce1e67d13195ee19d9353cabb0c8f1') in 0.006779 seconds
  Import took 0.010420 seconds .

========================================================================
Received Import Request.
  Time since last request: 26.062595 seconds.
  path: Assets/PermsVisualized/UI Controller.cs
  artifactKey: Guid(75f0ca570b17c2c43853a2d25d275e09) Importer(815301076,1909f56bfc062723c751e8b465ee728b)
Start importing Assets/PermsVisualized/UI Controller.cs using Guid(75f0ca570b17c2c43853a2d25d275e09) Importer(815301076,1909f56bfc062723c751e8b465ee728b)  -> (artifact id: '3e69bf254182cec3f52961d1905114e9') in 0.105494 seconds
  Import took 0.110935 seconds .

========================================================================
Received Prepare
Registering precompiled user dll's ...
Registered in 0.001239 seconds.
Begin MonoManager ReloadAssembly
Native extension for WindowsStandalone target not found
Refreshing native plugins compatible for Editor in 0.35 ms, found 0 plugins.
Preloading 0 native plugins for Editor in 0.00 ms.
Invoked RoslynAnalysisRunner static constructor.
RoslynAnalysisRunner will not be running.
RoslynAnalysisRunner has terminated.
Mono: successfully reloaded assembly
- Completed reload, in  0.780 seconds
Platform modules already initialized, skipping
Shader 'Universal Render Pipeline/Particles/Lit': fallback shader 'Universal Render Pipeline/Particles/SimpleLit' not found
Shader 'Universal Render Pipeline/Particles/Lit': fallback shader 'Universal Render Pipeline/Particles/SimpleLit' not found
Refreshing native plugins compatible for Editor in 0.35 ms, found 0 plugins.
Preloading 0 native plugins for Editor in 0.00 ms.
Unloading 2318 Unused Serialized files (Serialized files now loaded: 0)
System memory in use before: 111.2 MB.
System memory in use after: 109.2 MB.

Unloading 40 unused Assets to reduce memory usage. Loaded Objects now: 2810.
Total: 3.045700 ms (FindLiveObjects: 0.318500 ms CreateObjectMapping: 0.129100 ms MarkObjects: 1.557600 ms  DeleteObjects: 1.039500 ms)

========================================================================
Received Import Request.
  Time since last request: 55.736117 seconds.
  path: Assets/PermsVisualized/UI Canvas.prefab
  artifactKey: Guid(4f05055ead61f2149b80fbbae72f76a1) Importer(815301076,1909f56bfc062723c751e8b465ee728b)
Start importing Assets/PermsVisualized/UI Canvas.prefab using Guid(4f05055ead61f2149b80fbbae72f76a1) Importer(815301076,1909f56bfc062723c751e8b465ee728b)  -> (artifact id: '816f1efc93e62a01f6d11b3b6d8b8284') in 0.146794 seconds
  Import took 0.154661 seconds .

========================================================================
Received Prepare
Registering precompiled user dll's ...
Registered in 0.001700 seconds.
Begin MonoManager ReloadAssembly
Native extension for WindowsStandalone target not found
Refreshing native plugins compatible for Editor in 0.37 ms, found 0 plugins.
Preloading 0 native plugins for Editor in 0.00 ms.
Invoked RoslynAnalysisRunner static constructor.
RoslynAnalysisRunner will not be running.
RoslynAnalysisRunner has terminated.
Mono: successfully reloaded assembly
- Completed reload, in  0.857 seconds
Platform modules already initialized, skipping
Shader 'Universal Render Pipeline/Particles/Lit': fallback shader 'Universal Render Pipeline/Particles/SimpleLit' not found
Shader 'Universal Render Pipeline/Particles/Lit': fallback shader 'Universal Render Pipeline/Particles/SimpleLit' not found
Refreshing native plugins compatible for Editor in 0.57 ms, found 0 plugins.
Preloading 0 native plugins for Editor in 0.00 ms.
Unloading 2317 Unused Serialized files (Serialized files now loaded: 0)
System memory in use before: 111.8 MB.
System memory in use after: 109.7 MB.

Unloading 41 unused Assets to reduce memory usage. Loaded Objects now: 2811.
Total: 3.160300 ms (FindLiveObjects: 0.256800 ms CreateObjectMapping: 0.145100 ms MarkObjects: 1.568200 ms  DeleteObjects: 1.189200 ms)

========================================================================
Received Prepare
Registering precompiled user dll's ...
Registered in 0.001739 seconds.
Begin MonoManager ReloadAssembly
Native extension for WindowsStandalone target not found
Refreshing native plugins compatible for Editor in 0.35 ms, found 0 plugins.
Preloading 0 native plugins for Editor in 0.00 ms.
Invoked RoslynAnalysisRunner static constructor.
RoslynAnalysisRunner will not be running.
RoslynAnalysisRunner has terminated.
Mono: successfully reloaded assembly
- Completed reload, in  0.800 seconds
Platform modules already initialized, skipping
Shader 'Universal Render Pipeline/Particles/Lit': fallback shader 'Universal Render Pipeline/Particles/SimpleLit' not found
Shader 'Universal Render Pipeline/Particles/Lit': fallback shader 'Universal Render Pipeline/Particles/SimpleLit' not found
Refreshing native plugins compatible for Editor in 0.37 ms, found 0 plugins.
Preloading 0 native plugins for Editor in 0.00 ms.
Unloading 2318 Unused Serialized files (Serialized files now loaded: 0)
System memory in use before: 112.3 MB.
System memory in use after: 110.2 MB.

Unloading 40 unused Assets to reduce memory usage. Loaded Objects now: 2814.
Total: 3.106500 ms (FindLiveObjects: 0.227400 ms CreateObjectMapping: 0.117400 ms MarkObjects: 1.494100 ms  DeleteObjects: 1.266800 ms)

========================================================================
Received Prepare
Registering precompiled user dll's ...
Registered in 0.001335 seconds.
Begin MonoManager ReloadAssembly
Native extension for WindowsStandalone target not found
Refreshing native plugins compatible for Editor in 1.81 ms, found 0 plugins.
Preloading 0 native plugins for Editor in 0.00 ms.
Invoked RoslynAnalysisRunner static constructor.
RoslynAnalysisRunner will not be running.
RoslynAnalysisRunner has terminated.
Mono: successfully reloaded assembly
- Completed reload, in  0.915 seconds
Platform modules already initialized, skipping
Shader 'Universal Render Pipeline/Particles/Lit': fallback shader 'Universal Render Pipeline/Particles/SimpleLit' not found
Shader 'Universal Render Pipeline/Particles/Lit': fallback shader 'Universal Render Pipeline/Particles/SimpleLit' not found
Refreshing native plugins compatible for Editor in 0.35 ms, found 0 plugins.
Preloading 0 native plugins for Editor in 0.00 ms.
Unloading 2318 Unused Serialized files (Serialized files now loaded: 0)
System memory in use before: 111.8 MB.
System memory in use after: 109.8 MB.

Unloading 40 unused Assets to reduce memory usage. Loaded Objects now: 2816.
Total: 3.110200 ms (FindLiveObjects: 0.221100 ms CreateObjectMapping: 0.110700 ms MarkObjects: 1.583200 ms  DeleteObjects: 1.194600 ms)

========================================================================
Received Import Request.
  Time since last request: 42.303693 seconds.
  path: Assets/PermsVisualized/UIController.cs
  artifactKey: Guid(5158a73d229d1d94a84398daa117c9de) Importer(815301076,1909f56bfc062723c751e8b465ee728b)
Start importing Assets/PermsVisualized/UIController.cs using Guid(5158a73d229d1d94a84398daa117c9de) Importer(815301076,1909f56bfc062723c751e8b465ee728b)  -> (artifact id: '8607620b93ee5a7403237fd559bb461a') in 0.017365 seconds
  Import took 0.038862 seconds .

========================================================================
Received Prepare
Registering precompiled user dll's ...
Registered in 0.001393 seconds.
Begin MonoManager ReloadAssembly
Native extension for WindowsStandalone target not found
Refreshing native plugins compatible for Editor in 0.35 ms, found 0 plugins.
Preloading 0 native plugins for Editor in 0.00 ms.
Invoked RoslynAnalysisRunner static constructor.
RoslynAnalysisRunner will not be running.
RoslynAnalysisRunner has terminated.
Mono: successfully reloaded assembly
- Completed reload, in  0.787 seconds
Platform modules already initialized, skipping
Shader 'Universal Render Pipeline/Particles/Lit': fallback shader 'Universal Render Pipeline/Particles/SimpleLit' not found
Shader 'Universal Render Pipeline/Particles/Lit': fallback shader 'Universal Render Pipeline/Particles/SimpleLit' not found
Refreshing native plugins compatible for Editor in 0.35 ms, found 0 plugins.
Preloading 0 native plugins for Editor in 0.00 ms.
Unloading 2318 Unused Serialized files (Serialized files now loaded: 0)
System memory in use before: 112.2 MB.
System memory in use after: 110.2 MB.

Unloading 40 unused Assets to reduce memory usage. Loaded Objects now: 2818.
Total: 3.102400 ms (FindLiveObjects: 0.222100 ms CreateObjectMapping: 0.110100 ms MarkObjects: 1.522700 ms  DeleteObjects: 1.246800 ms)

========================================================================
Received Prepare
Registering precompiled user dll's ...
Registered in 0.001589 seconds.
Begin MonoManager ReloadAssembly
Native extension for WindowsStandalone target not found
Refreshing native plugins compatible for Editor in 0.35 ms, found 0 plugins.
Preloading 0 native plugins for Editor in 0.00 ms.
Invoked RoslynAnalysisRunner static constructor.
RoslynAnalysisRunner will not be running.
RoslynAnalysisRunner has terminated.
Mono: successfully reloaded assembly
- Completed reload, in  0.792 seconds
Platform modules already initialized, skipping
Shader 'Universal Render Pipeline/Particles/Lit': fallback shader 'Universal Render Pipeline/Particles/SimpleLit' not found
Shader 'Universal Render Pipeline/Particles/Lit': fallback shader 'Universal Render Pipeline/Particles/SimpleLit' not found
Refreshing native plugins compatible for Editor in 0.35 ms, found 0 plugins.
Preloading 0 native plugins for Editor in 0.00 ms.
Unloading 2318 Unused Serialized files (Serialized files now loaded: 0)
System memory in use before: 111.8 MB.
System memory in use after: 109.8 MB.

Unloading 40 unused Assets to reduce memory usage. Loaded Objects now: 2820.
Total: 3.079200 ms (FindLiveObjects: 0.224600 ms CreateObjectMapping: 0.103700 ms MarkObjects: 1.537200 ms  DeleteObjects: 1.213000 ms)

========================================================================
Received Import Request.
  Time since last request: 153.185560 seconds.
  path: Assets/PermsVisualized/ItemPrefabs/SelectorPrefab.prefab
  artifactKey: Guid(3f225c825cad59f4dafca94a9e09b12c) Importer(815301076,1909f56bfc062723c751e8b465ee728b)
Start importing Assets/PermsVisualized/ItemPrefabs/SelectorPrefab.prefab using Guid(3f225c825cad59f4dafca94a9e09b12c) Importer(815301076,1909f56bfc062723c751e8b465ee728b)  -> (artifact id: '7684f125f80f5c55cfac5a7c9fe7bc95') in 0.038302 seconds
  Import took 0.041950 seconds .

========================================================================
Received Import Request.
  Time since last request: 2.122050 seconds.
  path: Assets/PermsVisualized/ItemPrefabs/FixerPrefab.prefab
  artifactKey: Guid(85a894ddf587789478d20c61d2ef552d) Importer(815301076,1909f56bfc062723c751e8b465ee728b)
Start importing Assets/PermsVisualized/ItemPrefabs/FixerPrefab.prefab using Guid(85a894ddf587789478d20c61d2ef552d) Importer(815301076,1909f56bfc062723c751e8b465ee728b)  -> (artifact id: 'f21867dcfde39a40c53020d01618ecc1') in 0.008567 seconds
  Import took 0.012708 seconds .

========================================================================
Received Prepare
Registering precompiled user dll's ...
Registered in 0.001232 seconds.
Begin MonoManager ReloadAssembly
Native extension for WindowsStandalone target not found
Refreshing native plugins compatible for Editor in 0.37 ms, found 0 plugins.
Preloading 0 native plugins for Editor in 0.00 ms.
Invoked RoslynAnalysisRunner static constructor.
RoslynAnalysisRunner will not be running.
RoslynAnalysisRunner has terminated.
Mono: successfully reloaded assembly
- Completed reload, in  0.762 seconds
Platform modules already initialized, skipping
Shader 'Universal Render Pipeline/Particles/Lit': fallback shader 'Universal Render Pipeline/Particles/SimpleLit' not found
Shader 'Universal Render Pipeline/Particles/Lit': fallback shader 'Universal Render Pipeline/Particles/SimpleLit' not found
Refreshing native plugins compatible for Editor in 0.64 ms, found 0 plugins.
Preloading 0 native plugins for Editor in 0.00 ms.
Unloading 2318 Unused Serialized files (Serialized files now loaded: 0)
System memory in use before: 112.3 MB.
System memory in use after: 110.3 MB.

Unloading 40 unused Assets to reduce memory usage. Loaded Objects now: 2822.
Total: 3.041600 ms (FindLiveObjects: 0.225700 ms CreateObjectMapping: 0.109900 ms MarkObjects: 1.469900 ms  DeleteObjects: 1.235100 ms)

========================================================================
Received Prepare
Registering precompiled user dll's ...
Registered in 0.001316 seconds.
Begin MonoManager ReloadAssembly
Native extension for WindowsStandalone target not found
Refreshing native plugins compatible for Editor in 0.36 ms, found 0 plugins.
Preloading 0 native plugins for Editor in 0.00 ms.
Invoked RoslynAnalysisRunner static constructor.
RoslynAnalysisRunner will not be running.
RoslynAnalysisRunner has terminated.
Mono: successfully reloaded assembly
- Completed reload, in  0.777 seconds
Platform modules already initialized, skipping
Shader 'Universal Render Pipeline/Particles/Lit': fallback shader 'Universal Render Pipeline/Particles/SimpleLit' not found
Shader 'Universal Render Pipeline/Particles/Lit': fallback shader 'Universal Render Pipeline/Particles/SimpleLit' not found
Refreshing native plugins compatible for Editor in 0.35 ms, found 0 plugins.
Preloading 0 native plugins for Editor in 0.00 ms.
Unloading 2318 Unused Serialized files (Serialized files now loaded: 0)
System memory in use before: 111.8 MB.
System memory in use after: 109.8 MB.

Unloading 40 unused Assets to reduce memory usage. Loaded Objects now: 2824.
Total: 3.067600 ms (FindLiveObjects: 0.262000 ms CreateObjectMapping: 0.129400 ms MarkObjects: 1.456700 ms  DeleteObjects: 1.218300 ms)

========================================================================
Received Import Request.
  Time since last request: 83.424677 seconds.
  path: Assets/PermsVisualized/Row.cs
  artifactKey: Guid(f7327e81a472b7b4482aa23e5f4f8032) Importer(815301076,1909f56bfc062723c751e8b465ee728b)
Start importing Assets/PermsVisualized/Row.cs using Guid(f7327e81a472b7b4482aa23e5f4f8032) Importer(815301076,1909f56bfc062723c751e8b465ee728b)  -> (artifact id: '6629c03f9bdd15f1659f0dd24ad063f4') in 0.010287 seconds
  Import took 0.026353 seconds .

========================================================================
Received Prepare
Registering precompiled user dll's ...
Registered in 0.001229 seconds.
Begin MonoManager ReloadAssembly
Native extension for WindowsStandalone target not found
Refreshing native plugins compatible for Editor in 0.35 ms, found 0 plugins.
Preloading 0 native plugins for Editor in 0.00 ms.
Invoked RoslynAnalysisRunner static constructor.
RoslynAnalysisRunner will not be running.
RoslynAnalysisRunner has terminated.
Mono: successfully reloaded assembly
- Completed reload, in  0.799 seconds
Platform modules already initialized, skipping
Shader 'Universal Render Pipeline/Particles/Lit': fallback shader 'Universal Render Pipeline/Particles/SimpleLit' not found
Shader 'Universal Render Pipeline/Particles/Lit': fallback shader 'Universal Render Pipeline/Particles/SimpleLit' not found
Refreshing native plugins compatible for Editor in 0.35 ms, found 0 plugins.
Preloading 0 native plugins for Editor in 0.00 ms.
Unloading 2319 Unused Serialized files (Serialized files now loaded: 0)
System memory in use before: 112.4 MB.
System memory in use after: 110.3 MB.

Unloading 40 unused Assets to reduce memory usage. Loaded Objects now: 2827.
Total: 3.870200 ms (FindLiveObjects: 0.361700 ms CreateObjectMapping: 0.142000 ms MarkObjects: 2.101900 ms  DeleteObjects: 1.263300 ms)

========================================================================
Received Prepare
Registering precompiled user dll's ...
Registered in 0.001236 seconds.
Begin MonoManager ReloadAssembly
Native extension for WindowsStandalone target not found
Refreshing native plugins compatible for Editor in 0.35 ms, found 0 plugins.
Preloading 0 native plugins for Editor in 0.00 ms.
Invoked RoslynAnalysisRunner static constructor.
RoslynAnalysisRunner will not be running.
RoslynAnalysisRunner has terminated.
Mono: successfully reloaded assembly
- Completed reload, in  0.805 seconds
Platform modules already initialized, skipping
Shader 'Universal Render Pipeline/Particles/Lit': fallback shader 'Universal Render Pipeline/Particles/SimpleLit' not found
Shader 'Universal Render Pipeline/Particles/Lit': fallback shader 'Universal Render Pipeline/Particles/SimpleLit' not found
Refreshing native plugins compatible for Editor in 0.35 ms, found 0 plugins.
Preloading 0 native plugins for Editor in 0.00 ms.
Unloading 2319 Unused Serialized files (Serialized files now loaded: 0)
System memory in use before: 111.8 MB.
System memory in use after: 109.8 MB.

Unloading 40 unused Assets to reduce memory usage. Loaded Objects now: 2829.
Total: 3.336300 ms (FindLiveObjects: 0.262400 ms CreateObjectMapping: 0.136500 ms MarkObjects: 1.634200 ms  DeleteObjects: 1.301800 ms)

========================================================================
Received Import Request.
  Time since last request: 99.375321 seconds.
  path: Assets/PermsVisualized/Row.cs
  artifactKey: Guid(f7327e81a472b7b4482aa23e5f4f8032) Importer(815301076,1909f56bfc062723c751e8b465ee728b)
Start importing Assets/PermsVisualized/Row.cs using Guid(f7327e81a472b7b4482aa23e5f4f8032) Importer(815301076,1909f56bfc062723c751e8b465ee728b)  -> (artifact id: '9c4299cd4db8128759376137be3b67b2') in 0.004528 seconds
  Import took 0.031187 seconds .

========================================================================
Received Prepare
Registering precompiled user dll's ...
Registered in 0.001700 seconds.
Begin MonoManager ReloadAssembly
Native extension for WindowsStandalone target not found
Refreshing native plugins compatible for Editor in 0.36 ms, found 0 plugins.
Preloading 0 native plugins for Editor in 0.00 ms.
Invoked RoslynAnalysisRunner static constructor.
RoslynAnalysisRunner will not be running.
RoslynAnalysisRunner has terminated.
Mono: successfully reloaded assembly
- Completed reload, in  0.752 seconds
Platform modules already initialized, skipping
Shader 'Universal Render Pipeline/Particles/Lit': fallback shader 'Universal Render Pipeline/Particles/SimpleLit' not found
Shader 'Universal Render Pipeline/Particles/Lit': fallback shader 'Universal Render Pipeline/Particles/SimpleLit' not found
Refreshing native plugins compatible for Editor in 0.37 ms, found 0 plugins.
Preloading 0 native plugins for Editor in 0.00 ms.
Unloading 2319 Unused Serialized files (Serialized files now loaded: 0)
System memory in use before: 112.4 MB.
System memory in use after: 110.3 MB.

Unloading 40 unused Assets to reduce memory usage. Loaded Objects now: 2831.
Total: 3.189100 ms (FindLiveObjects: 0.252900 ms CreateObjectMapping: 0.126200 ms MarkObjects: 1.581000 ms  DeleteObjects: 1.228000 ms)

========================================================================
Received Prepare
Registering precompiled user dll's ...
Registered in 0.001805 seconds.
Begin MonoManager ReloadAssembly
Native extension for WindowsStandalone target not found
Refreshing native plugins compatible for Editor in 0.35 ms, found 0 plugins.
Preloading 0 native plugins for Editor in 0.00 ms.
Invoked RoslynAnalysisRunner static constructor.
RoslynAnalysisRunner will not be running.
RoslynAnalysisRunner has terminated.
Mono: successfully reloaded assembly
- Completed reload, in  0.760 seconds
Platform modules already initialized, skipping
Shader 'Universal Render Pipeline/Particles/Lit': fallback shader 'Universal Render Pipeline/Particles/SimpleLit' not found
Shader 'Universal Render Pipeline/Particles/Lit': fallback shader 'Universal Render Pipeline/Particles/SimpleLit' not found
Refreshing native plugins compatible for Editor in 0.36 ms, found 0 plugins.
Preloading 0 native plugins for Editor in 0.00 ms.
Unloading 2319 Unused Serialized files (Serialized files now loaded: 0)
System memory in use before: 111.9 MB.
System memory in use after: 109.9 MB.

Unloading 40 unused Assets to reduce memory usage. Loaded Objects now: 2833.
Total: 3.203200 ms (FindLiveObjects: 0.234700 ms CreateObjectMapping: 0.122800 ms MarkObjects: 1.635600 ms  DeleteObjects: 1.209200 ms)

========================================================================
Received Prepare
Registering precompiled user dll's ...
Registered in 0.001220 seconds.
Begin MonoManager ReloadAssembly
Native extension for WindowsStandalone target not found
Refreshing native plugins compatible for Editor in 0.37 ms, found 0 plugins.
Preloading 0 native plugins for Editor in 0.00 ms.
Invoked RoslynAnalysisRunner static constructor.
RoslynAnalysisRunner will not be running.
RoslynAnalysisRunner has terminated.
Mono: successfully reloaded assembly
- Completed reload, in  0.819 seconds
Platform modules already initialized, skipping
Shader 'Universal Render Pipeline/Particles/Lit': fallback shader 'Universal Render Pipeline/Particles/SimpleLit' not found
Shader 'Universal Render Pipeline/Particles/Lit': fallback shader 'Universal Render Pipeline/Particles/SimpleLit' not found
Refreshing native plugins compatible for Editor in 0.35 ms, found 0 plugins.
Preloading 0 native plugins for Editor in 0.00 ms.
Unloading 2319 Unused Serialized files (Serialized files now loaded: 0)
System memory in use before: 112.4 MB.
System memory in use after: 110.3 MB.

Unloading 40 unused Assets to reduce memory usage. Loaded Objects now: 2835.
Total: 3.223600 ms (FindLiveObjects: 0.239600 ms CreateObjectMapping: 0.096500 ms MarkObjects: 1.676100 ms  DeleteObjects: 1.210400 ms)

========================================================================
Received Prepare
Registering precompiled user dll's ...
Registered in 0.001367 seconds.
Begin MonoManager ReloadAssembly
Native extension for WindowsStandalone target not found
Refreshing native plugins compatible for Editor in 0.35 ms, found 0 plugins.
Preloading 0 native plugins for Editor in 0.00 ms.
Invoked RoslynAnalysisRunner static constructor.
RoslynAnalysisRunner will not be running.
RoslynAnalysisRunner has terminated.
Mono: successfully reloaded assembly
- Completed reload, in  0.817 seconds
Platform modules already initialized, skipping
Shader 'Universal Render Pipeline/Particles/Lit': fallback shader 'Universal Render Pipeline/Particles/SimpleLit' not found
Shader 'Universal Render Pipeline/Particles/Lit': fallback shader 'Universal Render Pipeline/Particles/SimpleLit' not found
Refreshing native plugins compatible for Editor in 0.36 ms, found 0 plugins.
Preloading 0 native plugins for Editor in 0.00 ms.
Unloading 2319 Unused Serialized files (Serialized files now loaded: 0)
System memory in use before: 112.0 MB.
System memory in use after: 109.9 MB.

Unloading 40 unused Assets to reduce memory usage. Loaded Objects now: 2837.
Total: 3.362600 ms (FindLiveObjects: 0.274800 ms CreateObjectMapping: 0.120300 ms MarkObjects: 1.672800 ms  DeleteObjects: 1.293800 ms)

========================================================================
Received Prepare
Registering precompiled user dll's ...
Registered in 0.001251 seconds.
Begin MonoManager ReloadAssembly
Native extension for WindowsStandalone target not found
Refreshing native plugins compatible for Editor in 0.39 ms, found 0 plugins.
Preloading 0 native plugins for Editor in 0.00 ms.
Invoked RoslynAnalysisRunner static constructor.
RoslynAnalysisRunner will not be running.
RoslynAnalysisRunner has terminated.
Mono: successfully reloaded assembly
- Completed reload, in  0.755 seconds
Platform modules already initialized, skipping
Shader 'Universal Render Pipeline/Particles/Lit': fallback shader 'Universal Render Pipeline/Particles/SimpleLit' not found
Shader 'Universal Render Pipeline/Particles/Lit': fallback shader 'Universal Render Pipeline/Particles/SimpleLit' not found
Refreshing native plugins compatible for Editor in 0.36 ms, found 0 plugins.
Preloading 0 native plugins for Editor in 0.00 ms.
Unloading 2319 Unused Serialized files (Serialized files now loaded: 0)
System memory in use before: 112.3 MB.
System memory in use after: 110.2 MB.

Unloading 40 unused Assets to reduce memory usage. Loaded Objects now: 2839.
Total: 3.379800 ms (FindLiveObjects: 0.229600 ms CreateObjectMapping: 0.108900 ms MarkObjects: 1.814700 ms  DeleteObjects: 1.225700 ms)

========================================================================
Received Prepare
Registering precompiled user dll's ...
Registered in 0.001272 seconds.
Begin MonoManager ReloadAssembly
Native extension for WindowsStandalone target not found
Refreshing native plugins compatible for Editor in 0.39 ms, found 0 plugins.
Preloading 0 native plugins for Editor in 0.00 ms.
Invoked RoslynAnalysisRunner static constructor.
RoslynAnalysisRunner will not be running.
RoslynAnalysisRunner has terminated.
Mono: successfully reloaded assembly
- Completed reload, in  0.786 seconds
Platform modules already initialized, skipping
Shader 'Universal Render Pipeline/Particles/Lit': fallback shader 'Universal Render Pipeline/Particles/SimpleLit' not found
Shader 'Universal Render Pipeline/Particles/Lit': fallback shader 'Universal Render Pipeline/Particles/SimpleLit' not found
Refreshing native plugins compatible for Editor in 0.57 ms, found 0 plugins.
Preloading 0 native plugins for Editor in 0.00 ms.
Unloading 2319 Unused Serialized files (Serialized files now loaded: 0)
System memory in use before: 111.9 MB.
System memory in use after: 109.9 MB.

Unloading 40 unused Assets to reduce memory usage. Loaded Objects now: 2841.
Total: 3.107200 ms (FindLiveObjects: 0.244000 ms CreateObjectMapping: 0.131400 ms MarkObjects: 1.468600 ms  DeleteObjects: 1.262700 ms)

========================================================================
Received Prepare
Registering precompiled user dll's ...
Registered in 0.001769 seconds.
Begin MonoManager ReloadAssembly
Native extension for WindowsStandalone target not found
Refreshing native plugins compatible for Editor in 0.62 ms, found 0 plugins.
Preloading 0 native plugins for Editor in 0.00 ms.
Invoked RoslynAnalysisRunner static constructor.
RoslynAnalysisRunner will not be running.
RoslynAnalysisRunner has terminated.
Mono: successfully reloaded assembly
- Completed reload, in  0.842 seconds
Platform modules already initialized, skipping
Shader 'Universal Render Pipeline/Particles/Lit': fallback shader 'Universal Render Pipeline/Particles/SimpleLit' not found
Shader 'Universal Render Pipeline/Particles/Lit': fallback shader 'Universal Render Pipeline/Particles/SimpleLit' not found
Refreshing native plugins compatible for Editor in 0.63 ms, found 0 plugins.
Preloading 0 native plugins for Editor in 0.00 ms.
Unloading 2319 Unused Serialized files (Serialized files now loaded: 0)
System memory in use before: 112.4 MB.
System memory in use after: 110.3 MB.

Unloading 40 unused Assets to reduce memory usage. Loaded Objects now: 2843.
Total: 4.839000 ms (FindLiveObjects: 0.354100 ms CreateObjectMapping: 0.154700 ms MarkObjects: 2.437800 ms  DeleteObjects: 1.891000 ms)

========================================================================
Received Prepare
Registering precompiled user dll's ...
Registered in 0.001215 seconds.
Begin MonoManager ReloadAssembly
Native extension for WindowsStandalone target not found
Refreshing native plugins compatible for Editor in 0.38 ms, found 0 plugins.
Preloading 0 native plugins for Editor in 0.00 ms.
Invoked RoslynAnalysisRunner static constructor.
RoslynAnalysisRunner will not be running.
RoslynAnalysisRunner has terminated.
Mono: successfully reloaded assembly
- Completed reload, in  0.855 seconds
Platform modules already initialized, skipping
Shader 'Universal Render Pipeline/Particles/Lit': fallback shader 'Universal Render Pipeline/Particles/SimpleLit' not found
Shader 'Universal Render Pipeline/Particles/Lit': fallback shader 'Universal Render Pipeline/Particles/SimpleLit' not found
Refreshing native plugins compatible for Editor in 0.37 ms, found 0 plugins.
Preloading 0 native plugins for Editor in 0.00 ms.
Unloading 2319 Unused Serialized files (Serialized files now loaded: 0)
System memory in use before: 112.0 MB.
System memory in use after: 109.9 MB.

Unloading 40 unused Assets to reduce memory usage. Loaded Objects now: 2845.
Total: 4.507900 ms (FindLiveObjects: 0.378600 ms CreateObjectMapping: 0.160700 ms MarkObjects: 2.540500 ms  DeleteObjects: 1.426900 ms)

========================================================================
Received Prepare
Registering precompiled user dll's ...
Registered in 0.001817 seconds.
Begin MonoManager ReloadAssembly
Native extension for WindowsStandalone target not found
Refreshing native plugins compatible for Editor in 0.36 ms, found 0 plugins.
Preloading 0 native plugins for Editor in 0.00 ms.
Invoked RoslynAnalysisRunner static constructor.
RoslynAnalysisRunner will not be running.
RoslynAnalysisRunner has terminated.
Mono: successfully reloaded assembly
- Completed reload, in  0.767 seconds
Platform modules already initialized, skipping
Shader 'Universal Render Pipeline/Particles/Lit': fallback shader 'Universal Render Pipeline/Particles/SimpleLit' not found
Shader 'Universal Render Pipeline/Particles/Lit': fallback shader 'Universal Render Pipeline/Particles/SimpleLit' not found
Refreshing native plugins compatible for Editor in 0.40 ms, found 0 plugins.
Preloading 0 native plugins for Editor in 0.00 ms.
Unloading 2319 Unused Serialized files (Serialized files now loaded: 0)
System memory in use before: 112.4 MB.
System memory in use after: 110.4 MB.

Unloading 40 unused Assets to reduce memory usage. Loaded Objects now: 2847.
Total: 3.682100 ms (FindLiveObjects: 0.393000 ms CreateObjectMapping: 0.175000 ms MarkObjects: 1.818600 ms  DeleteObjects: 1.294200 ms)

========================================================================
Received Prepare
Registering precompiled user dll's ...
Registered in 0.001264 seconds.
Begin MonoManager ReloadAssembly
Native extension for WindowsStandalone target not found
Refreshing native plugins compatible for Editor in 0.44 ms, found 0 plugins.
Preloading 0 native plugins for Editor in 0.00 ms.
Invoked RoslynAnalysisRunner static constructor.
RoslynAnalysisRunner will not be running.
RoslynAnalysisRunner has terminated.
Mono: successfully reloaded assembly
- Completed reload, in  0.849 seconds
Platform modules already initialized, skipping
Shader 'Universal Render Pipeline/Particles/Lit': fallback shader 'Universal Render Pipeline/Particles/SimpleLit' not found
Shader 'Universal Render Pipeline/Particles/Lit': fallback shader 'Universal Render Pipeline/Particles/SimpleLit' not found
Refreshing native plugins compatible for Editor in 0.35 ms, found 0 plugins.
Preloading 0 native plugins for Editor in 0.00 ms.
Unloading 2319 Unused Serialized files (Serialized files now loaded: 0)
System memory in use before: 111.9 MB.
System memory in use after: 109.8 MB.

Unloading 40 unused Assets to reduce memory usage. Loaded Objects now: 2849.
Total: 3.185700 ms (FindLiveObjects: 0.281700 ms CreateObjectMapping: 0.140500 ms MarkObjects: 1.505200 ms  DeleteObjects: 1.257300 ms)

========================================================================
Received Import Request.
  Time since last request: 326.206719 seconds.
  path: Assets/PermsVisualized/UIController.cs
  artifactKey: Guid(5158a73d229d1d94a84398daa117c9de) Importer(815301076,1909f56bfc062723c751e8b465ee728b)
Start importing Assets/PermsVisualized/UIController.cs using Guid(5158a73d229d1d94a84398daa117c9de) Importer(815301076,1909f56bfc062723c751e8b465ee728b)  -> (artifact id: '65d7924152e1addc66ba9b996671eede') in 0.007472 seconds
  Import took 0.041141 seconds .

========================================================================
Received Prepare
Registering precompiled user dll's ...
Registered in 0.001196 seconds.
Begin MonoManager ReloadAssembly
Native extension for WindowsStandalone target not found
Refreshing native plugins compatible for Editor in 0.35 ms, found 0 plugins.
Preloading 0 native plugins for Editor in 0.00 ms.
Invoked RoslynAnalysisRunner static constructor.
RoslynAnalysisRunner will not be running.
RoslynAnalysisRunner has terminated.
Mono: successfully reloaded assembly
- Completed reload, in  0.812 seconds
Platform modules already initialized, skipping
Shader 'Universal Render Pipeline/Particles/Lit': fallback shader 'Universal Render Pipeline/Particles/SimpleLit' not found
Shader 'Universal Render Pipeline/Particles/Lit': fallback shader 'Universal Render Pipeline/Particles/SimpleLit' not found
Refreshing native plugins compatible for Editor in 0.35 ms, found 0 plugins.
Preloading 0 native plugins for Editor in 0.00 ms.
Unloading 2319 Unused Serialized files (Serialized files now loaded: 0)
System memory in use before: 112.4 MB.
System memory in use after: 110.4 MB.

Unloading 40 unused Assets to reduce memory usage. Loaded Objects now: 2851.
Total: 3.041200 ms (FindLiveObjects: 0.209600 ms CreateObjectMapping: 0.092300 ms MarkObjects: 1.453800 ms  DeleteObjects: 1.284900 ms)

========================================================================
Received Prepare
Registering precompiled user dll's ...
Registered in 0.001258 seconds.
Begin MonoManager ReloadAssembly
Native extension for WindowsStandalone target not found
Refreshing native plugins compatible for Editor in 0.36 ms, found 0 plugins.
Preloading 0 native plugins for Editor in 0.00 ms.
Invoked RoslynAnalysisRunner static constructor.
RoslynAnalysisRunner will not be running.
RoslynAnalysisRunner has terminated.
Mono: successfully reloaded assembly
- Completed reload, in  0.782 seconds
Platform modules already initialized, skipping
Shader 'Universal Render Pipeline/Particles/Lit': fallback shader 'Universal Render Pipeline/Particles/SimpleLit' not found
Shader 'Universal Render Pipeline/Particles/Lit': fallback shader 'Universal Render Pipeline/Particles/SimpleLit' not found
Refreshing native plugins compatible for Editor in 0.35 ms, found 0 plugins.
Preloading 0 native plugins for Editor in 0.00 ms.
Unloading 2319 Unused Serialized files (Serialized files now loaded: 0)
System memory in use before: 112.0 MB.
System memory in use after: 109.9 MB.

Unloading 40 unused Assets to reduce memory usage. Loaded Objects now: 2853.
Total: 3.424600 ms (FindLiveObjects: 0.247600 ms CreateObjectMapping: 0.128200 ms MarkObjects: 1.779700 ms  DeleteObjects: 1.268100 ms)

========================================================================
Received Import Request.
  Time since last request: 450.112449 seconds.
  path: Assets/PermsVisualized/Selector.cs
  artifactKey: Guid(52f67f3bce84072458f80d9732d5d94a) Importer(815301076,1909f56bfc062723c751e8b465ee728b)
Start importing Assets/PermsVisualized/Selector.cs using Guid(52f67f3bce84072458f80d9732d5d94a) Importer(815301076,1909f56bfc062723c751e8b465ee728b)  -> (artifact id: '152cc6811adb4ad20019139c45f55ec6') in 0.006832 seconds
  Import took 0.011445 seconds .

========================================================================
Received Import Request.
  Time since last request: 0.000360 seconds.
  path: Assets/PermsVisualized/Selector.cs
  artifactKey: Guid(52f67f3bce84072458f80d9732d5d94a) Importer(815301076,1909f56bfc062723c751e8b465ee728b)
Start importing Assets/PermsVisualized/Selector.cs using Guid(52f67f3bce84072458f80d9732d5d94a) Importer(815301076,1909f56bfc062723c751e8b465ee728b)  -> (artifact id: '152cc6811adb4ad20019139c45f55ec6') in 0.002637 seconds
  Import took 0.007267 seconds .

========================================================================
Received Prepare
Registering precompiled user dll's ...
Registered in 0.001842 seconds.
Begin MonoManager ReloadAssembly
Native extension for WindowsStandalone target not found
Refreshing native plugins compatible for Editor in 0.58 ms, found 0 plugins.
Preloading 0 native plugins for Editor in 0.00 ms.
Invoked RoslynAnalysisRunner static constructor.
RoslynAnalysisRunner will not be running.
RoslynAnalysisRunner has terminated.
Mono: successfully reloaded assembly
- Completed reload, in  1.116 seconds
Platform modules already initialized, skipping
Shader 'Universal Render Pipeline/Particles/Lit': fallback shader 'Universal Render Pipeline/Particles/SimpleLit' not found
Shader 'Universal Render Pipeline/Particles/Lit': fallback shader 'Universal Render Pipeline/Particles/SimpleLit' not found
Refreshing native plugins compatible for Editor in 0.62 ms, found 0 plugins.
Preloading 0 native plugins for Editor in 0.00 ms.
Unloading 2320 Unused Serialized files (Serialized files now loaded: 0)
System memory in use before: 112.4 MB.
System memory in use after: 110.4 MB.

Unloading 40 unused Assets to reduce memory usage. Loaded Objects now: 2856.
Total: 11.501000 ms (FindLiveObjects: 0.366000 ms CreateObjectMapping: 0.164600 ms MarkObjects: 5.017900 ms  DeleteObjects: 5.950900 ms)

========================================================================
Received Prepare
Registering precompiled user dll's ...
Registered in 0.001544 seconds.
Begin MonoManager ReloadAssembly
Native extension for WindowsStandalone target not found
Refreshing native plugins compatible for Editor in 0.36 ms, found 0 plugins.
Preloading 0 native plugins for Editor in 0.00 ms.
Invoked RoslynAnalysisRunner static constructor.
RoslynAnalysisRunner will not be running.
RoslynAnalysisRunner has terminated.
Mono: successfully reloaded assembly
- Completed reload, in  0.795 seconds
Platform modules already initialized, skipping
Shader 'Universal Render Pipeline/Particles/Lit': fallback shader 'Universal Render Pipeline/Particles/SimpleLit' not found
Shader 'Universal Render Pipeline/Particles/Lit': fallback shader 'Universal Render Pipeline/Particles/SimpleLit' not found
Refreshing native plugins compatible for Editor in 0.39 ms, found 0 plugins.
Preloading 0 native plugins for Editor in 0.00 ms.
Unloading 2320 Unused Serialized files (Serialized files now loaded: 0)
System memory in use before: 112.0 MB.
System memory in use after: 110.0 MB.

Unloading 40 unused Assets to reduce memory usage. Loaded Objects now: 2858.
Total: 3.602200 ms (FindLiveObjects: 0.279600 ms CreateObjectMapping: 0.144100 ms MarkObjects: 1.644400 ms  DeleteObjects: 1.533000 ms)

========================================================================
Received Import Request.
  Time since last request: 51.663742 seconds.
  path: Assets/PermsVisualized/Selector.cs
  artifactKey: Guid(52f67f3bce84072458f80d9732d5d94a) Importer(815301076,1909f56bfc062723c751e8b465ee728b)
Start importing Assets/PermsVisualized/Selector.cs using Guid(52f67f3bce84072458f80d9732d5d94a) Importer(815301076,1909f56bfc062723c751e8b465ee728b)  -> (artifact id: '3f0f30e92475fe4a8e9d1edb1d74d1fd') in 0.005071 seconds
  Import took 0.008799 seconds .

========================================================================
Received Import Request.
  Time since last request: 2.142801 seconds.
  path: Assets/PermsVisualized/Selector.cs
  artifactKey: Guid(52f67f3bce84072458f80d9732d5d94a) Importer(815301076,1909f56bfc062723c751e8b465ee728b)
Start importing Assets/PermsVisualized/Selector.cs using Guid(52f67f3bce84072458f80d9732d5d94a) Importer(815301076,1909f56bfc062723c751e8b465ee728b)  -> (artifact id: '3f0f30e92475fe4a8e9d1edb1d74d1fd') in 0.002076 seconds
  Import took 0.005900 seconds .

========================================================================
Received Prepare
Registering precompiled user dll's ...
Registered in 0.001208 seconds.
Begin MonoManager ReloadAssembly
Native extension for WindowsStandalone target not found
Refreshing native plugins compatible for Editor in 0.37 ms, found 0 plugins.
Preloading 0 native plugins for Editor in 0.00 ms.
Invoked RoslynAnalysisRunner static constructor.
RoslynAnalysisRunner will not be running.
RoslynAnalysisRunner has terminated.
Mono: successfully reloaded assembly
- Completed reload, in  0.807 seconds
Platform modules already initialized, skipping
Shader 'Universal Render Pipeline/Particles/Lit': fallback shader 'Universal Render Pipeline/Particles/SimpleLit' not found
Shader 'Universal Render Pipeline/Particles/Lit': fallback shader 'Universal Render Pipeline/Particles/SimpleLit' not found
Refreshing native plugins compatible for Editor in 0.43 ms, found 0 plugins.
Preloading 0 native plugins for Editor in 0.00 ms.
Unloading 2320 Unused Serialized files (Serialized files now loaded: 0)
System memory in use before: 112.3 MB.
System memory in use after: 110.3 MB.

Unloading 40 unused Assets to reduce memory usage. Loaded Objects now: 2860.
Total: 3.276800 ms (FindLiveObjects: 0.349600 ms CreateObjectMapping: 0.160000 ms MarkObjects: 1.535200 ms  DeleteObjects: 1.230900 ms)

========================================================================
Received Prepare
Registering precompiled user dll's ...
Registered in 0.001451 seconds.
Begin MonoManager ReloadAssembly
Native extension for WindowsStandalone target not found
Refreshing native plugins compatible for Editor in 0.37 ms, found 0 plugins.
Preloading 0 native plugins for Editor in 0.00 ms.
Invoked RoslynAnalysisRunner static constructor.
RoslynAnalysisRunner will not be running.
RoslynAnalysisRunner has terminated.
Mono: successfully reloaded assembly
- Completed reload, in  0.790 seconds
Platform modules already initialized, skipping
Shader 'Universal Render Pipeline/Particles/Lit': fallback shader 'Universal Render Pipeline/Particles/SimpleLit' not found
Shader 'Universal Render Pipeline/Particles/Lit': fallback shader 'Universal Render Pipeline/Particles/SimpleLit' not found
Refreshing native plugins compatible for Editor in 0.35 ms, found 0 plugins.
Preloading 0 native plugins for Editor in 0.00 ms.
Unloading 2320 Unused Serialized files (Serialized files now loaded: 0)
System memory in use before: 112.1 MB.
System memory in use after: 110.0 MB.

Unloading 40 unused Assets to reduce memory usage. Loaded Objects now: 2862.
Total: 3.264100 ms (FindLiveObjects: 0.249100 ms CreateObjectMapping: 0.106800 ms MarkObjects: 1.633700 ms  DeleteObjects: 1.273800 ms)

========================================================================
Received Prepare
Registering precompiled user dll's ...
Registered in 0.001265 seconds.
Begin MonoManager ReloadAssembly
Native extension for WindowsStandalone target not found
Refreshing native plugins compatible for Editor in 0.36 ms, found 0 plugins.
Preloading 0 native plugins for Editor in 0.00 ms.
Invoked RoslynAnalysisRunner static constructor.
RoslynAnalysisRunner will not be running.
RoslynAnalysisRunner has terminated.
Mono: successfully reloaded assembly
- Completed reload, in  0.767 seconds
Platform modules already initialized, skipping
Shader 'Universal Render Pipeline/Particles/Lit': fallback shader 'Universal Render Pipeline/Particles/SimpleLit' not found
Shader 'Universal Render Pipeline/Particles/Lit': fallback shader 'Universal Render Pipeline/Particles/SimpleLit' not found
Refreshing native plugins compatible for Editor in 0.37 ms, found 0 plugins.
Preloading 0 native plugins for Editor in 0.00 ms.
Unloading 2320 Unused Serialized files (Serialized files now loaded: 0)
System memory in use before: 112.4 MB.
System memory in use after: 110.4 MB.

Unloading 40 unused Assets to reduce memory usage. Loaded Objects now: 2864.
Total: 3.437400 ms (FindLiveObjects: 0.232300 ms CreateObjectMapping: 0.104000 ms MarkObjects: 1.867900 ms  DeleteObjects: 1.232300 ms)

========================================================================
Received Prepare
Registering precompiled user dll's ...
Registered in 0.001226 seconds.
Begin MonoManager ReloadAssembly
Native extension for WindowsStandalone target not found
Refreshing native plugins compatible for Editor in 0.46 ms, found 0 plugins.
Preloading 0 native plugins for Editor in 0.00 ms.
Invoked RoslynAnalysisRunner static constructor.
RoslynAnalysisRunner will not be running.
RoslynAnalysisRunner has terminated.
Mono: successfully reloaded assembly
- Completed reload, in  0.801 seconds
Platform modules already initialized, skipping
Shader 'Universal Render Pipeline/Particles/Lit': fallback shader 'Universal Render Pipeline/Particles/SimpleLit' not found
Shader 'Universal Render Pipeline/Particles/Lit': fallback shader 'Universal Render Pipeline/Particles/SimpleLit' not found
Refreshing native plugins compatible for Editor in 0.40 ms, found 0 plugins.
Preloading 0 native plugins for Editor in 0.00 ms.
Unloading 2320 Unused Serialized files (Serialized files now loaded: 0)
System memory in use before: 112.1 MB.
System memory in use after: 110.0 MB.

Unloading 40 unused Assets to reduce memory usage. Loaded Objects now: 2866.
Total: 3.212300 ms (FindLiveObjects: 0.244300 ms CreateObjectMapping: 0.099800 ms MarkObjects: 1.632100 ms  DeleteObjects: 1.235500 ms)

========================================================================
Received Prepare
Registering precompiled user dll's ...
Registered in 0.001310 seconds.
Begin MonoManager ReloadAssembly
Native extension for WindowsStandalone target not found
Refreshing native plugins compatible for Editor in 0.36 ms, found 0 plugins.
Preloading 0 native plugins for Editor in 0.00 ms.
Invoked RoslynAnalysisRunner static constructor.
RoslynAnalysisRunner will not be running.
RoslynAnalysisRunner has terminated.
Mono: successfully reloaded assembly
- Completed reload, in  0.777 seconds
Platform modules already initialized, skipping
Shader 'Universal Render Pipeline/Particles/Lit': fallback shader 'Universal Render Pipeline/Particles/SimpleLit' not found
Shader 'Universal Render Pipeline/Particles/Lit': fallback shader 'Universal Render Pipeline/Particles/SimpleLit' not found
Refreshing native plugins compatible for Editor in 0.36 ms, found 0 plugins.
Preloading 0 native plugins for Editor in 0.00 ms.
Unloading 2320 Unused Serialized files (Serialized files now loaded: 0)
System memory in use before: 112.4 MB.
System memory in use after: 110.4 MB.

Unloading 40 unused Assets to reduce memory usage. Loaded Objects now: 2868.
Total: 3.140900 ms (FindLiveObjects: 0.267800 ms CreateObjectMapping: 0.125400 ms MarkObjects: 1.521700 ms  DeleteObjects: 1.225300 ms)

========================================================================
Received Prepare
Registering precompiled user dll's ...
Registered in 0.001447 seconds.
Begin MonoManager ReloadAssembly
Native extension for WindowsStandalone target not found
Refreshing native plugins compatible for Editor in 0.37 ms, found 0 plugins.
Preloading 0 native plugins for Editor in 0.00 ms.
Invoked RoslynAnalysisRunner static constructor.
RoslynAnalysisRunner will not be running.
RoslynAnalysisRunner has terminated.
Mono: successfully reloaded assembly
- Completed reload, in  0.812 seconds
Platform modules already initialized, skipping
Shader 'Universal Render Pipeline/Particles/Lit': fallback shader 'Universal Render Pipeline/Particles/SimpleLit' not found
Shader 'Universal Render Pipeline/Particles/Lit': fallback shader 'Universal Render Pipeline/Particles/SimpleLit' not found
Refreshing native plugins compatible for Editor in 0.36 ms, found 0 plugins.
Preloading 0 native plugins for Editor in 0.00 ms.
Unloading 2320 Unused Serialized files (Serialized files now loaded: 0)
System memory in use before: 112.0 MB.
System memory in use after: 109.9 MB.

Unloading 40 unused Assets to reduce memory usage. Loaded Objects now: 2870.
Total: 3.303600 ms (FindLiveObjects: 0.253100 ms CreateObjectMapping: 0.105700 ms MarkObjects: 1.677200 ms  DeleteObjects: 1.266600 ms)

========================================================================
Received Prepare
Registering precompiled user dll's ...
Registered in 0.001241 seconds.
Begin MonoManager ReloadAssembly
Native extension for WindowsStandalone target not found
Refreshing native plugins compatible for Editor in 0.38 ms, found 0 plugins.
Preloading 0 native plugins for Editor in 0.00 ms.
Invoked RoslynAnalysisRunner static constructor.
RoslynAnalysisRunner will not be running.
RoslynAnalysisRunner has terminated.
Mono: successfully reloaded assembly
- Completed reload, in  0.749 seconds
Platform modules already initialized, skipping
Shader 'Universal Render Pipeline/Particles/Lit': fallback shader 'Universal Render Pipeline/Particles/SimpleLit' not found
Shader 'Universal Render Pipeline/Particles/Lit': fallback shader 'Universal Render Pipeline/Particles/SimpleLit' not found
Refreshing native plugins compatible for Editor in 0.35 ms, found 0 plugins.
Preloading 0 native plugins for Editor in 0.00 ms.
Unloading 2320 Unused Serialized files (Serialized files now loaded: 0)
System memory in use before: 112.5 MB.
System memory in use after: 110.4 MB.

Unloading 40 unused Assets to reduce memory usage. Loaded Objects now: 2872.
Total: 3.749800 ms (FindLiveObjects: 0.254500 ms CreateObjectMapping: 0.125400 ms MarkObjects: 1.674200 ms  DeleteObjects: 1.694100 ms)

========================================================================
Received Prepare
Registering precompiled user dll's ...
Registered in 0.001318 seconds.
Begin MonoManager ReloadAssembly
Native extension for WindowsStandalone target not found
Refreshing native plugins compatible for Editor in 0.35 ms, found 0 plugins.
Preloading 0 native plugins for Editor in 0.00 ms.
Invoked RoslynAnalysisRunner static constructor.
RoslynAnalysisRunner will not be running.
RoslynAnalysisRunner has terminated.
Mono: successfully reloaded assembly
- Completed reload, in  0.754 seconds
Platform modules already initialized, skipping
Shader 'Universal Render Pipeline/Particles/Lit': fallback shader 'Universal Render Pipeline/Particles/SimpleLit' not found
Shader 'Universal Render Pipeline/Particles/Lit': fallback shader 'Universal Render Pipeline/Particles/SimpleLit' not found
Refreshing native plugins compatible for Editor in 0.37 ms, found 0 plugins.
Preloading 0 native plugins for Editor in 0.00 ms.
Unloading 2320 Unused Serialized files (Serialized files now loaded: 0)
System memory in use before: 112.1 MB.
System memory in use after: 110.1 MB.

Unloading 40 unused Assets to reduce memory usage. Loaded Objects now: 2874.
Total: 3.231500 ms (FindLiveObjects: 0.242800 ms CreateObjectMapping: 0.121500 ms MarkObjects: 1.570600 ms  DeleteObjects: 1.295200 ms)

========================================================================
Received Prepare
Registering precompiled user dll's ...
Registered in 0.001820 seconds.
Begin MonoManager ReloadAssembly
Native extension for WindowsStandalone target not found
Refreshing native plugins compatible for Editor in 0.36 ms, found 0 plugins.
Preloading 0 native plugins for Editor in 0.00 ms.
Invoked RoslynAnalysisRunner static constructor.
RoslynAnalysisRunner will not be running.
RoslynAnalysisRunner has terminated.
Mono: successfully reloaded assembly
- Completed reload, in  0.803 seconds
Platform modules already initialized, skipping
Shader 'Universal Render Pipeline/Particles/Lit': fallback shader 'Universal Render Pipeline/Particles/SimpleLit' not found
Shader 'Universal Render Pipeline/Particles/Lit': fallback shader 'Universal Render Pipeline/Particles/SimpleLit' not found
Refreshing native plugins compatible for Editor in 0.35 ms, found 0 plugins.
Preloading 0 native plugins for Editor in 0.00 ms.
Unloading 2320 Unused Serialized files (Serialized files now loaded: 0)
System memory in use before: 112.5 MB.
System memory in use after: 110.4 MB.

Unloading 40 unused Assets to reduce memory usage. Loaded Objects now: 2876.
Total: 3.173000 ms (FindLiveObjects: 0.253600 ms CreateObjectMapping: 0.113300 ms MarkObjects: 1.570000 ms  DeleteObjects: 1.235400 ms)

========================================================================
Received Prepare
Registering precompiled user dll's ...
Registered in 0.001220 seconds.
Begin MonoManager ReloadAssembly
Native extension for WindowsStandalone target not found
Refreshing native plugins compatible for Editor in 0.42 ms, found 0 plugins.
Preloading 0 native plugins for Editor in 0.00 ms.
Invoked RoslynAnalysisRunner static constructor.
RoslynAnalysisRunner will not be running.
RoslynAnalysisRunner has terminated.
Mono: successfully reloaded assembly
- Completed reload, in  0.809 seconds
Platform modules already initialized, skipping
Shader 'Universal Render Pipeline/Particles/Lit': fallback shader 'Universal Render Pipeline/Particles/SimpleLit' not found
Shader 'Universal Render Pipeline/Particles/Lit': fallback shader 'Universal Render Pipeline/Particles/SimpleLit' not found
Refreshing native plugins compatible for Editor in 0.35 ms, found 0 plugins.
Preloading 0 native plugins for Editor in 0.00 ms.
Unloading 2320 Unused Serialized files (Serialized files now loaded: 0)
System memory in use before: 112.1 MB.
System memory in use after: 110.1 MB.

Unloading 40 unused Assets to reduce memory usage. Loaded Objects now: 2878.
Total: 3.384500 ms (FindLiveObjects: 0.361500 ms CreateObjectMapping: 0.154900 ms MarkObjects: 1.615500 ms  DeleteObjects: 1.251500 ms)

========================================================================
Received Prepare
Registering precompiled user dll's ...
Registered in 0.001324 seconds.
Begin MonoManager ReloadAssembly
Native extension for WindowsStandalone target not found
Refreshing native plugins compatible for Editor in 0.35 ms, found 0 plugins.
Preloading 0 native plugins for Editor in 0.00 ms.
Invoked RoslynAnalysisRunner static constructor.
RoslynAnalysisRunner will not be running.
RoslynAnalysisRunner has terminated.
Mono: successfully reloaded assembly
- Completed reload, in  0.759 seconds
Platform modules already initialized, skipping
Shader 'Universal Render Pipeline/Particles/Lit': fallback shader 'Universal Render Pipeline/Particles/SimpleLit' not found
Shader 'Universal Render Pipeline/Particles/Lit': fallback shader 'Universal Render Pipeline/Particles/SimpleLit' not found
Refreshing native plugins compatible for Editor in 0.35 ms, found 0 plugins.
Preloading 0 native plugins for Editor in 0.00 ms.
Unloading 2320 Unused Serialized files (Serialized files now loaded: 0)
System memory in use before: 112.4 MB.
System memory in use after: 110.3 MB.

Unloading 40 unused Assets to reduce memory usage. Loaded Objects now: 2880.
Total: 3.628800 ms (FindLiveObjects: 0.366300 ms CreateObjectMapping: 0.155500 ms MarkObjects: 1.793400 ms  DeleteObjects: 1.312700 ms)

========================================================================
Received Prepare
Registering precompiled user dll's ...
Registered in 0.001281 seconds.
Begin MonoManager ReloadAssembly
Native extension for WindowsStandalone target not found
Refreshing native plugins compatible for Editor in 0.35 ms, found 0 plugins.
Preloading 0 native plugins for Editor in 0.00 ms.
Invoked RoslynAnalysisRunner static constructor.
RoslynAnalysisRunner will not be running.
RoslynAnalysisRunner has terminated.
Mono: successfully reloaded assembly
- Completed reload, in  0.760 seconds
Platform modules already initialized, skipping
Shader 'Universal Render Pipeline/Particles/Lit': fallback shader 'Universal Render Pipeline/Particles/SimpleLit' not found
Shader 'Universal Render Pipeline/Particles/Lit': fallback shader 'Universal Render Pipeline/Particles/SimpleLit' not found
Refreshing native plugins compatible for Editor in 0.49 ms, found 0 plugins.
Preloading 0 native plugins for Editor in 0.00 ms.
Unloading 2320 Unused Serialized files (Serialized files now loaded: 0)
System memory in use before: 112.1 MB.
System memory in use after: 110.1 MB.

Unloading 40 unused Assets to reduce memory usage. Loaded Objects now: 2882.
Total: 3.163100 ms (FindLiveObjects: 0.243800 ms CreateObjectMapping: 0.124200 ms MarkObjects: 1.544600 ms  DeleteObjects: 1.249500 ms)

========================================================================
Received Prepare
Registering precompiled user dll's ...
Registered in 0.001406 seconds.
Begin MonoManager ReloadAssembly
Native extension for WindowsStandalone target not found
Refreshing native plugins compatible for Editor in 0.36 ms, found 0 plugins.
Preloading 0 native plugins for Editor in 0.00 ms.
Invoked RoslynAnalysisRunner static constructor.
RoslynAnalysisRunner will not be running.
RoslynAnalysisRunner has terminated.
Mono: successfully reloaded assembly
- Completed reload, in  0.914 seconds
Platform modules already initialized, skipping
Shader 'Universal Render Pipeline/Particles/Lit': fallback shader 'Universal Render Pipeline/Particles/SimpleLit' not found
Shader 'Universal Render Pipeline/Particles/Lit': fallback shader 'Universal Render Pipeline/Particles/SimpleLit' not found
Refreshing native plugins compatible for Editor in 0.37 ms, found 0 plugins.
Preloading 0 native plugins for Editor in 0.00 ms.
Unloading 2320 Unused Serialized files (Serialized files now loaded: 0)
System memory in use before: 112.5 MB.
System memory in use after: 110.4 MB.

Unloading 40 unused Assets to reduce memory usage. Loaded Objects now: 2884.
Total: 3.349500 ms (FindLiveObjects: 0.239600 ms CreateObjectMapping: 0.111600 ms MarkObjects: 1.760500 ms  DeleteObjects: 1.237000 ms)

========================================================================
Received Import Request.
  Time since last request: 717.989657 seconds.
  path: Assets/PermsVisualized/FixerImage.png
  artifactKey: Guid(1188b6d80d1f96e4c8da2ebce1a19422) Importer(815301076,1909f56bfc062723c751e8b465ee728b)
Start importing Assets/PermsVisualized/FixerImage.png using Guid(1188b6d80d1f96e4c8da2ebce1a19422) Importer(815301076,1909f56bfc062723c751e8b465ee728b)  -> (artifact id: '93fa40f024df238e96ff86285ae4973a') in 0.068249 seconds
  Import took 0.072095 seconds .

========================================================================
Received Import Request.
  Time since last request: 6.707034 seconds.
  path: Assets/PermsVisualized/FixerImage.png
  artifactKey: Guid(1188b6d80d1f96e4c8da2ebce1a19422) Importer(815301076,1909f56bfc062723c751e8b465ee728b)
Start importing Assets/PermsVisualized/FixerImage.png using Guid(1188b6d80d1f96e4c8da2ebce1a19422) Importer(815301076,1909f56bfc062723c751e8b465ee728b)  -> (artifact id: 'a164a6be38e02b6e604f5e98d63641ab') in 0.034456 seconds
  Import took 0.037808 seconds .

========================================================================
Received Import Request.
  Time since last request: 11.808006 seconds.
  path: Assets/PermsVisualized/ItemPrefabs/FixerPrefab.prefab
  artifactKey: Guid(85a894ddf587789478d20c61d2ef552d) Importer(815301076,1909f56bfc062723c751e8b465ee728b)
Start importing Assets/PermsVisualized/ItemPrefabs/FixerPrefab.prefab using Guid(85a894ddf587789478d20c61d2ef552d) Importer(815301076,1909f56bfc062723c751e8b465ee728b)  -> (artifact id: 'bdce9bf2f2adddbbebe60d79b4d8be95') in 0.019491 seconds
  Import took 0.023021 seconds .

========================================================================
Received Import Request.
  Time since last request: 0.000531 seconds.
  path: Assets/PermsVisualized/ItemPrefabs/FixerPrefab.prefab
  artifactKey: Guid(85a894ddf587789478d20c61d2ef552d) Importer(815301076,1909f56bfc062723c751e8b465ee728b)
Start importing Assets/PermsVisualized/ItemPrefabs/FixerPrefab.prefab using Guid(85a894ddf587789478d20c61d2ef552d) Importer(815301076,1909f56bfc062723c751e8b465ee728b)  -> (artifact id: 'bdce9bf2f2adddbbebe60d79b4d8be95') in 0.003907 seconds
  Import took 0.007812 seconds .

========================================================================
Received Prepare
Registering precompiled user dll's ...
Registered in 0.001397 seconds.
Begin MonoManager ReloadAssembly
Native extension for WindowsStandalone target not found
Refreshing native plugins compatible for Editor in 0.54 ms, found 0 plugins.
Preloading 0 native plugins for Editor in 0.00 ms.
Invoked RoslynAnalysisRunner static constructor.
RoslynAnalysisRunner will not be running.
RoslynAnalysisRunner has terminated.
Mono: successfully reloaded assembly
- Completed reload, in  0.842 seconds
Platform modules already initialized, skipping
Shader 'Universal Render Pipeline/Particles/Lit': fallback shader 'Universal Render Pipeline/Particles/SimpleLit' not found
Shader 'Universal Render Pipeline/Particles/Lit': fallback shader 'Universal Render Pipeline/Particles/SimpleLit' not found
Refreshing native plugins compatible for Editor in 0.36 ms, found 0 plugins.
Preloading 0 native plugins for Editor in 0.00 ms.
Unloading 2320 Unused Serialized files (Serialized files now loaded: 0)
System memory in use before: 112.2 MB.
System memory in use after: 110.1 MB.

Unloading 40 unused Assets to reduce memory usage. Loaded Objects now: 2887.
Total: 3.288900 ms (FindLiveObjects: 0.264300 ms CreateObjectMapping: 0.098900 ms MarkObjects: 1.682900 ms  DeleteObjects: 1.242200 ms)

========================================================================
Received Import Request.
  Time since last request: 9.061317 seconds.
  path: Assets/PermsVisualized/ItemPrefabs/FixerPrefab.prefab
  artifactKey: Guid(85a894ddf587789478d20c61d2ef552d) Importer(815301076,1909f56bfc062723c751e8b465ee728b)
Start importing Assets/PermsVisualized/ItemPrefabs/FixerPrefab.prefab using Guid(85a894ddf587789478d20c61d2ef552d) Importer(815301076,1909f56bfc062723c751e8b465ee728b)  -> (artifact id: '8a4e6bbb3e93c59465700f01e782de6d') in 0.026297 seconds
  Import took 0.029998 seconds .

========================================================================
Received Prepare
Registering precompiled user dll's ...
Registered in 0.001612 seconds.
Begin MonoManager ReloadAssembly
Native extension for WindowsStandalone target not found
Refreshing native plugins compatible for Editor in 0.57 ms, found 0 plugins.
Preloading 0 native plugins for Editor in 0.00 ms.
Invoked RoslynAnalysisRunner static constructor.
RoslynAnalysisRunner will not be running.
RoslynAnalysisRunner has terminated.
Mono: successfully reloaded assembly
- Completed reload, in  0.900 seconds
Platform modules already initialized, skipping
Shader 'Universal Render Pipeline/Particles/Lit': fallback shader 'Universal Render Pipeline/Particles/SimpleLit' not found
Shader 'Universal Render Pipeline/Particles/Lit': fallback shader 'Universal Render Pipeline/Particles/SimpleLit' not found
Refreshing native plugins compatible for Editor in 0.39 ms, found 0 plugins.
Preloading 0 native plugins for Editor in 0.00 ms.
Unloading 2320 Unused Serialized files (Serialized files now loaded: 0)
System memory in use before: 112.5 MB.
System memory in use after: 110.5 MB.

Unloading 40 unused Assets to reduce memory usage. Loaded Objects now: 2889.
Total: 3.536100 ms (FindLiveObjects: 0.250900 ms CreateObjectMapping: 0.155300 ms MarkObjects: 1.772900 ms  DeleteObjects: 1.355800 ms)

========================================================================
Received Import Request.
  Time since last request: 3.068462 seconds.
  path: Assets/PermsVisualized/ItemPrefabs/FixerPrefab.prefab
  artifactKey: Guid(85a894ddf587789478d20c61d2ef552d) Importer(815301076,1909f56bfc062723c751e8b465ee728b)
Start importing Assets/PermsVisualized/ItemPrefabs/FixerPrefab.prefab using Guid(85a894ddf587789478d20c61d2ef552d) Importer(815301076,1909f56bfc062723c751e8b465ee728b)  -> (artifact id: 'e39c6fc12400a748865bf8a2e4a1b41d') in 0.030011 seconds
  Import took 0.033827 seconds .

========================================================================
Received Import Request.
  Time since last request: 3.861912 seconds.
  path: Assets/PermsVisualized/ItemPrefabs/FixerPrefab.prefab
  artifactKey: Guid(85a894ddf587789478d20c61d2ef552d) Importer(815301076,1909f56bfc062723c751e8b465ee728b)
Start importing Assets/PermsVisualized/ItemPrefabs/FixerPrefab.prefab using Guid(85a894ddf587789478d20c61d2ef552d) Importer(815301076,1909f56bfc062723c751e8b465ee728b)  -> (artifact id: '4f9c772a08494ad87e85783da5a41152') in 0.003760 seconds
  Import took 0.007554 seconds .

========================================================================
Received Prepare
Registering precompiled user dll's ...
Registered in 0.001606 seconds.
Begin MonoManager ReloadAssembly
Native extension for WindowsStandalone target not found
Refreshing native plugins compatible for Editor in 0.38 ms, found 0 plugins.
Preloading 0 native plugins for Editor in 0.00 ms.
Invoked RoslynAnalysisRunner static constructor.
RoslynAnalysisRunner will not be running.
RoslynAnalysisRunner has terminated.
Mono: successfully reloaded assembly
- Completed reload, in  0.915 seconds
Platform modules already initialized, skipping
Shader 'Universal Render Pipeline/Particles/Lit': fallback shader 'Universal Render Pipeline/Particles/SimpleLit' not found
Shader 'Universal Render Pipeline/Particles/Lit': fallback shader 'Universal Render Pipeline/Particles/SimpleLit' not found
Refreshing native plugins compatible for Editor in 0.37 ms, found 0 plugins.
Preloading 0 native plugins for Editor in 0.00 ms.
Unloading 2320 Unused Serialized files (Serialized files now loaded: 0)
System memory in use before: 112.1 MB.
System memory in use after: 110.0 MB.

Unloading 40 unused Assets to reduce memory usage. Loaded Objects now: 2891.
Total: 4.066500 ms (FindLiveObjects: 0.394400 ms CreateObjectMapping: 0.190200 ms MarkObjects: 2.090400 ms  DeleteObjects: 1.390200 ms)

========================================================================
Received Import Request.
  Time since last request: 5.114065 seconds.
  path: Assets/PermsVisualized/ItemPrefabs/FixerPrefab.prefab
  artifactKey: Guid(85a894ddf587789478d20c61d2ef552d) Importer(815301076,1909f56bfc062723c751e8b465ee728b)
Start importing Assets/PermsVisualized/ItemPrefabs/FixerPrefab.prefab using Guid(85a894ddf587789478d20c61d2ef552d) Importer(815301076,1909f56bfc062723c751e8b465ee728b)  -> (artifact id: '73e4cf910862a299291c913d8882eac7') in 0.037804 seconds
  Import took 0.041331 seconds .

========================================================================
Received Import Request.
  Time since last request: 10.703738 seconds.
  path: Assets/PermsVisualized/UIImages
  artifactKey: Guid(ea624c0825b853b4eb165b7919590abc) Importer(815301076,1909f56bfc062723c751e8b465ee728b)
Start importing Assets/PermsVisualized/UIImages using Guid(ea624c0825b853b4eb165b7919590abc) Importer(815301076,1909f56bfc062723c751e8b465ee728b)  -> (artifact id: 'b4845c6477ce53bcaefe0595e9666d29') in 0.005563 seconds
  Import took 0.009907 seconds .

========================================================================
Received Import Request.
  Time since last request: 0.009890 seconds.
  path: Assets/PermsVisualized/UIImages
  artifactKey: Guid(ea624c0825b853b4eb165b7919590abc) Importer(815301076,1909f56bfc062723c751e8b465ee728b)
Start importing Assets/PermsVisualized/UIImages using Guid(ea624c0825b853b4eb165b7919590abc) Importer(815301076,1909f56bfc062723c751e8b465ee728b)  -> (artifact id: 'b4845c6477ce53bcaefe0595e9666d29') in 0.002198 seconds
  Import took 0.005780 seconds .

========================================================================
Received Import Request.
  Time since last request: 5.615389 seconds.
  path: Assets/PermsVisualized/ItemImages
  artifactKey: Guid(ea624c0825b853b4eb165b7919590abc) Importer(815301076,1909f56bfc062723c751e8b465ee728b)
Start importing Assets/PermsVisualized/ItemImages using Guid(ea624c0825b853b4eb165b7919590abc) Importer(815301076,1909f56bfc062723c751e8b465ee728b)  -> (artifact id: 'c430ac3e2e279c2799f73b4e079e614b') in 0.005932 seconds
  Import took 0.009560 seconds .

========================================================================
Received Prepare
Registering precompiled user dll's ...
Registered in 0.001413 seconds.
Begin MonoManager ReloadAssembly
Native extension for WindowsStandalone target not found
Refreshing native plugins compatible for Editor in 0.36 ms, found 0 plugins.
Preloading 0 native plugins for Editor in 0.00 ms.
Invoked RoslynAnalysisRunner static constructor.
RoslynAnalysisRunner will not be running.
RoslynAnalysisRunner has terminated.
Mono: successfully reloaded assembly
- Completed reload, in  0.802 seconds
Platform modules already initialized, skipping
Shader 'Universal Render Pipeline/Particles/Lit': fallback shader 'Universal Render Pipeline/Particles/SimpleLit' not found
Shader 'Universal Render Pipeline/Particles/Lit': fallback shader 'Universal Render Pipeline/Particles/SimpleLit' not found
Refreshing native plugins compatible for Editor in 0.35 ms, found 0 plugins.
Preloading 0 native plugins for Editor in 0.00 ms.
Unloading 2320 Unused Serialized files (Serialized files now loaded: 0)
System memory in use before: 112.5 MB.
System memory in use after: 110.5 MB.

Unloading 40 unused Assets to reduce memory usage. Loaded Objects now: 2893.
Total: 3.535100 ms (FindLiveObjects: 0.243500 ms CreateObjectMapping: 0.111100 ms MarkObjects: 1.785300 ms  DeleteObjects: 1.394000 ms)

AssetImportWorkerClient::OnTransportError - code=2 error=End of file
